<?xml version="1.0" encoding="UTF-8"?>
<testsuite name="com.gateway.gateway.GatewayApplicationTests" tests="1" skipped="0" failures="0" errors="0" timestamp="2025-04-01T21:37:28.814Z" hostname="DESKTOP-H8D8CUG" time="0.508">
  <properties/>
  <testcase name="contextLoads()" classname="com.gateway.gateway.GatewayApplicationTests" time="0.508"/>
  <system-out><![CDATA[15:37:23.621 [Test worker] INFO org.springframework.test.context.support.AnnotationConfigContextLoaderUtils -- Could not detect default configuration classes for test class [com.gateway.gateway.GatewayApplicationTests]: GatewayApplicationTests does not declare any static, non-private, non-final, nested classes annotated with @Configuration.
15:37:23.693 [Test worker] INFO org.springframework.boot.test.context.SpringBootTestContextBootstrapper -- Found @SpringBootConfiguration com.gateway.gateway.GatewayApplication for test class com.gateway.gateway.GatewayApplicationTests

  .   ____          _            __ _ _
 /\\ / ___'_ __ _ _(_)_ __  __ _ \ \ \ \
( ( )\___ | '_ | '_| | '_ \/ _` | \ \ \ \
 \\/  ___)| |_)| | | | | || (_| |  ) ) ) )
  '  |____| .__|_| |_|_| |_\__, | / / / /
 =========|_|==============|___/=/_/_/_/
 :: Spring Boot ::                (v3.2.3)

2025-04-01T15:37:25.037-06:00  INFO 24952 --- [gateway] [    Test worker] c.g.gateway.GatewayApplicationTests      : Starting GatewayApplicationTests using Java 21.0.5 with PID 24952 (started by Noam in C:\Users\Noam\Downloads\Cine\gateway)
2025-04-01T15:37:25.038-06:00  INFO 24952 --- [gateway] [    Test worker] c.g.gateway.GatewayApplicationTests      : No active profile set, falling back to 1 default profile: "default"
2025-04-01T15:37:25.766-06:00  INFO 24952 --- [gateway] [    Test worker] o.s.cloud.context.scope.GenericScope     : BeanFactory id=71064d4b-7736-33c3-8d9a-021ae851c81e
2025-04-01T15:37:27.110-06:00  INFO 24952 --- [gateway] [    Test worker] o.s.cloud.commons.util.InetUtils         : Cannot determine local hostname
2025-04-01T15:37:27.364-06:00  INFO 24952 --- [gateway] [    Test worker] o.s.c.g.r.RouteDefinitionRouteLocator    : Loaded RoutePredicateFactory [After]
2025-04-01T15:37:27.365-06:00  INFO 24952 --- [gateway] [    Test worker] o.s.c.g.r.RouteDefinitionRouteLocator    : Loaded RoutePredicateFactory [Before]
2025-04-01T15:37:27.365-06:00  INFO 24952 --- [gateway] [    Test worker] o.s.c.g.r.RouteDefinitionRouteLocator    : Loaded RoutePredicateFactory [Between]
2025-04-01T15:37:27.365-06:00  INFO 24952 --- [gateway] [    Test worker] o.s.c.g.r.RouteDefinitionRouteLocator    : Loaded RoutePredicateFactory [Cookie]
2025-04-01T15:37:27.365-06:00  INFO 24952 --- [gateway] [    Test worker] o.s.c.g.r.RouteDefinitionRouteLocator    : Loaded RoutePredicateFactory [Header]
2025-04-01T15:37:27.365-06:00  INFO 24952 --- [gateway] [    Test worker] o.s.c.g.r.RouteDefinitionRouteLocator    : Loaded RoutePredicateFactory [Host]
2025-04-01T15:37:27.365-06:00  INFO 24952 --- [gateway] [    Test worker] o.s.c.g.r.RouteDefinitionRouteLocator    : Loaded RoutePredicateFactory [Method]
2025-04-01T15:37:27.365-06:00  INFO 24952 --- [gateway] [    Test worker] o.s.c.g.r.RouteDefinitionRouteLocator    : Loaded RoutePredicateFactory [Path]
2025-04-01T15:37:27.365-06:00  INFO 24952 --- [gateway] [    Test worker] o.s.c.g.r.RouteDefinitionRouteLocator    : Loaded RoutePredicateFactory [Query]
2025-04-01T15:37:27.365-06:00  INFO 24952 --- [gateway] [    Test worker] o.s.c.g.r.RouteDefinitionRouteLocator    : Loaded RoutePredicateFactory [ReadBody]
2025-04-01T15:37:27.365-06:00  INFO 24952 --- [gateway] [    Test worker] o.s.c.g.r.RouteDefinitionRouteLocator    : Loaded RoutePredicateFactory [RemoteAddr]
2025-04-01T15:37:27.365-06:00  INFO 24952 --- [gateway] [    Test worker] o.s.c.g.r.RouteDefinitionRouteLocator    : Loaded RoutePredicateFactory [XForwardedRemoteAddr]
2025-04-01T15:37:27.365-06:00  INFO 24952 --- [gateway] [    Test worker] o.s.c.g.r.RouteDefinitionRouteLocator    : Loaded RoutePredicateFactory [Weight]
2025-04-01T15:37:27.365-06:00  INFO 24952 --- [gateway] [    Test worker] o.s.c.g.r.RouteDefinitionRouteLocator    : Loaded RoutePredicateFactory [CloudFoundryRouteService]
2025-04-01T15:37:28.532-06:00  INFO 24952 --- [gateway] [    Test worker] o.s.cloud.commons.util.InetUtils         : Cannot determine local hostname
2025-04-01T15:37:28.566-06:00  INFO 24952 --- [gateway] [    Test worker] o.s.b.a.e.web.EndpointLinksResolver      : Exposing 1 endpoint(s) beneath base path '/actuator'
2025-04-01T15:37:28.809-06:00  INFO 24952 --- [gateway] [    Test worker] c.g.gateway.GatewayApplicationTests      : Started GatewayApplicationTests in 4.988 seconds (process running for 5.963)
]]></system-out>
  <system-err><![CDATA[WARNING: A Java agent has been loaded dynamically (C:\Users\Noam\.gradle\caches\modules-2\files-2.1\net.bytebuddy\byte-buddy-agent\1.14.12\be4984cb6fd1ef1d11f218a648889dfda44b8a15\byte-buddy-agent-1.14.12.jar)
WARNING: If a serviceability tool is in use, please run with -XX:+EnableDynamicAgentLoading to hide this warning
WARNING: If a serviceability tool is not in use, please run with -Djdk.instrument.traceUsage for more information
WARNING: Dynamic loading of agents will be disallowed by default in a future release
]]></system-err>
</testsuite>
