<?xml version="1.0" encoding="UTF-8"?>
<testsuite name="com.gateway.gateway.GatewayApplicationTests" tests="1" skipped="0" failures="0" errors="0" timestamp="2025-03-31T03:50:09.156Z" hostname="DESKTOP-H8D8CUG" time="0.543">
  <properties/>
  <testcase name="contextLoads()" classname="com.gateway.gateway.GatewayApplicationTests" time="0.543"/>
  <system-out><![CDATA[21:50:03.619 [Test worker] INFO org.springframework.test.context.support.AnnotationConfigContextLoaderUtils -- Could not detect default configuration classes for test class [com.gateway.gateway.GatewayApplicationTests]: GatewayApplicationTests does not declare any static, non-private, non-final, nested classes annotated with @Configuration.
21:50:03.689 [Test worker] INFO org.springframework.boot.test.context.SpringBootTestContextBootstrapper -- Found @SpringBootConfiguration com.gateway.gateway.GatewayApplication for test class com.gateway.gateway.GatewayApplicationTests

  .   ____          _            __ _ _
 /\\ / ___'_ __ _ _(_)_ __  __ _ \ \ \ \
( ( )\___ | '_ | '_| | '_ \/ _` | \ \ \ \
 \\/  ___)| |_)| | | | | || (_| |  ) ) ) )
  '  |____| .__|_| |_|_| |_\__, | / / / /
 =========|_|==============|___/=/_/_/_/
 :: Spring Boot ::                (v3.1.4)

2025-03-30T21:50:05.035-06:00  INFO 2772 --- [    Test worker] c.g.gateway.GatewayApplicationTests      : Starting GatewayApplicationTests using Java 21.0.5 with PID 2772 (started by Noam in C:\Users\Noam\Downloads\Cine\gateway)
2025-03-30T21:50:05.037-06:00  INFO 2772 --- [    Test worker] c.g.gateway.GatewayApplicationTests      : No active profile set, falling back to 1 default profile: "default"
2025-03-30T21:50:05.865-06:00  INFO 2772 --- [    Test worker] o.s.cloud.context.scope.GenericScope     : BeanFactory id=af41a85e-14c7-34fa-ab33-02beb26f5e27
2025-03-30T21:50:07.158-06:00  INFO 2772 --- [    Test worker] o.s.cloud.commons.util.InetUtils         : Cannot determine local hostname
2025-03-30T21:50:07.367-06:00 DEBUG 2772 --- [    Test worker] o.s.c.gateway.config.GatewayProperties   : Routes supplied from Gateway Properties: [RouteDefinition{id='peliculas-service', predicates=[PredicateDefinition{name='Path', args={_genkey_0=/peliculas/**}}], filters=[], uri=http://localhost:8081, order=0, metadata={}}]
2025-03-30T21:50:07.612-06:00  INFO 2772 --- [    Test worker] o.s.c.g.r.RouteDefinitionRouteLocator    : Loaded RoutePredicateFactory [After]
2025-03-30T21:50:07.612-06:00  INFO 2772 --- [    Test worker] o.s.c.g.r.RouteDefinitionRouteLocator    : Loaded RoutePredicateFactory [Before]
2025-03-30T21:50:07.612-06:00  INFO 2772 --- [    Test worker] o.s.c.g.r.RouteDefinitionRouteLocator    : Loaded RoutePredicateFactory [Between]
2025-03-30T21:50:07.612-06:00  INFO 2772 --- [    Test worker] o.s.c.g.r.RouteDefinitionRouteLocator    : Loaded RoutePredicateFactory [Cookie]
2025-03-30T21:50:07.612-06:00  INFO 2772 --- [    Test worker] o.s.c.g.r.RouteDefinitionRouteLocator    : Loaded RoutePredicateFactory [Header]
2025-03-30T21:50:07.612-06:00  INFO 2772 --- [    Test worker] o.s.c.g.r.RouteDefinitionRouteLocator    : Loaded RoutePredicateFactory [Host]
2025-03-30T21:50:07.612-06:00  INFO 2772 --- [    Test worker] o.s.c.g.r.RouteDefinitionRouteLocator    : Loaded RoutePredicateFactory [Method]
2025-03-30T21:50:07.612-06:00  INFO 2772 --- [    Test worker] o.s.c.g.r.RouteDefinitionRouteLocator    : Loaded RoutePredicateFactory [Path]
2025-03-30T21:50:07.612-06:00  INFO 2772 --- [    Test worker] o.s.c.g.r.RouteDefinitionRouteLocator    : Loaded RoutePredicateFactory [Query]
2025-03-30T21:50:07.612-06:00  INFO 2772 --- [    Test worker] o.s.c.g.r.RouteDefinitionRouteLocator    : Loaded RoutePredicateFactory [ReadBody]
2025-03-30T21:50:07.612-06:00  INFO 2772 --- [    Test worker] o.s.c.g.r.RouteDefinitionRouteLocator    : Loaded RoutePredicateFactory [RemoteAddr]
2025-03-30T21:50:07.612-06:00  INFO 2772 --- [    Test worker] o.s.c.g.r.RouteDefinitionRouteLocator    : Loaded RoutePredicateFactory [XForwardedRemoteAddr]
2025-03-30T21:50:07.612-06:00  INFO 2772 --- [    Test worker] o.s.c.g.r.RouteDefinitionRouteLocator    : Loaded RoutePredicateFactory [Weight]
2025-03-30T21:50:07.614-06:00  INFO 2772 --- [    Test worker] o.s.c.g.r.RouteDefinitionRouteLocator    : Loaded RoutePredicateFactory [CloudFoundryRouteService]
2025-03-30T21:50:07.734-06:00 DEBUG 2772 --- [    Test worker] s.w.r.r.m.a.RequestMappingHandlerMapping : 1 mappings in 'requestMappingHandlerMapping'
2025-03-30T21:50:07.743-06:00 DEBUG 2772 --- [    Test worker] o.s.w.r.handler.SimpleUrlHandlerMapping  : Patterns [/webjars/**, /**] in 'resourceHandlerMapping'
2025-03-30T21:50:08.839-06:00  INFO 2772 --- [    Test worker] o.s.cloud.commons.util.InetUtils         : Cannot determine local hostname
2025-03-30T21:50:08.921-06:00  INFO 2772 --- [    Test worker] o.s.b.a.e.web.EndpointLinksResolver      : Exposing 16 endpoint(s) beneath base path '/actuator'
2025-03-30T21:50:08.961-06:00 DEBUG 2772 --- [    Test worker] o.s.w.r.r.m.a.ControllerMethodResolver   : ControllerAdvice beans: none
2025-03-30T21:50:08.997-06:00 DEBUG 2772 --- [    Test worker] o.s.w.s.adapter.HttpWebHandlerAdapter    : enableLoggingRequestDetails='false': form data and headers will be masked to prevent unsafe logging of potentially sensitive data
2025-03-30T21:50:09.123-06:00 DEBUG 2772 --- [    Test worker] o.s.c.g.r.RouteDefinitionRouteLocator    : RouteDefinition peliculas-service applying {_genkey_0=/peliculas/**} to Path
2025-03-30T21:50:09.139-06:00 DEBUG 2772 --- [    Test worker] o.s.c.g.r.RouteDefinitionRouteLocator    : RouteDefinition matched: peliculas-service
2025-03-30T21:50:09.147-06:00 DEBUG 2772 --- [    Test worker] o.s.c.g.filter.GatewayMetricsFilter      : New routes count: 1
2025-03-30T21:50:09.149-06:00  INFO 2772 --- [    Test worker] c.g.gateway.GatewayApplicationTests      : Started GatewayApplicationTests in 5.33 seconds (process running for 6.188)
]]></system-out>
  <system-err><![CDATA[WARNING: A Java agent has been loaded dynamically (C:\Users\Noam\.gradle\caches\modules-2\files-2.1\net.bytebuddy\byte-buddy-agent\1.14.8\ae6ebe485f3bcd0a1e20241488a32e6400a501ef\byte-buddy-agent-1.14.8.jar)
WARNING: If a serviceability tool is in use, please run with -XX:+EnableDynamicAgentLoading to hide this warning
WARNING: If a serviceability tool is not in use, please run with -Djdk.instrument.traceUsage for more information
WARNING: Dynamic loading of agents will be disallowed by default in a future release
]]></system-err>
</testsuite>
