<?xml version="1.0" encoding="UTF-8"?>
<testsuite name="com.gateway.gateway.GatewayApplicationTests" tests="1" skipped="0" failures="0" errors="0" timestamp="2025-04-02T04:58:43.245Z" hostname="DESKTOP-H8D8CUG" time="0.403">
  <properties/>
  <testcase name="contextLoads()" classname="com.gateway.gateway.GatewayApplicationTests" time="0.403"/>
  <system-out><![CDATA[22:58:38.135 [Test worker] INFO org.springframework.test.context.support.AnnotationConfigContextLoaderUtils -- Could not detect default configuration classes for test class [com.gateway.gateway.GatewayApplicationTests]: GatewayApplicationTests does not declare any static, non-private, non-final, nested classes annotated with @Configuration.
22:58:38.213 [Test worker] INFO org.springframework.boot.test.context.SpringBootTestContextBootstrapper -- Found @SpringBootConfiguration com.gateway.gateway.GatewayApplication for test class com.gateway.gateway.GatewayApplicationTests

  .   ____          _            __ _ _
 /\\ / ___'_ __ _ _(_)_ __  __ _ \ \ \ \
( ( )\___ | '_ | '_| | '_ \/ _` | \ \ \ \
 \\/  ___)| |_)| | | | | || (_| |  ) ) ) )
  '  |____| .__|_| |_|_| |_\__, | / / / /
 =========|_|==============|___/=/_/_/_/

 :: Spring Boot ::                (v3.4.4)

2025-04-01T22:58:39.605-06:00  INFO 26380 --- [gateway] [    Test worker] c.g.gateway.GatewayApplicationTests      : Starting GatewayApplicationTests using Java 21.0.5 with PID 26380 (started by Noam in C:\Users\Noam\Downloads\Cine\gateway)
2025-04-01T22:58:39.606-06:00  INFO 26380 --- [gateway] [    Test worker] c.g.gateway.GatewayApplicationTests      : No active profile set, falling back to 1 default profile: "default"
2025-04-01T22:58:40.256-06:00  INFO 26380 --- [gateway] [    Test worker] o.s.cloud.context.scope.GenericScope     : BeanFactory id=4e0a7103-4953-3bd8-9ebc-cb2b35aedbc8
2025-04-01T22:58:41.569-06:00  INFO 26380 --- [gateway] [    Test worker] o.s.cloud.commons.util.InetUtils         : Cannot determine local hostname
2025-04-01T22:58:41.718-06:00 DEBUG 26380 --- [gateway] [    Test worker] o.s.c.gateway.config.GatewayProperties   : Routes supplied from Gateway Properties: [RouteDefinition{id='peliculas-service', predicates=[PredicateDefinition{name='Path', args={_genkey_0=/peliculas/**}}], filters=[], uri=http://peliculas:8081, order=0, metadata={}, enabled=true}]
2025-04-01T22:58:41.892-06:00  INFO 26380 --- [gateway] [    Test worker] o.s.c.g.r.RouteDefinitionRouteLocator    : Loaded RoutePredicateFactory [After]
2025-04-01T22:58:41.892-06:00  INFO 26380 --- [gateway] [    Test worker] o.s.c.g.r.RouteDefinitionRouteLocator    : Loaded RoutePredicateFactory [Before]
2025-04-01T22:58:41.892-06:00  INFO 26380 --- [gateway] [    Test worker] o.s.c.g.r.RouteDefinitionRouteLocator    : Loaded RoutePredicateFactory [Between]
2025-04-01T22:58:41.892-06:00  INFO 26380 --- [gateway] [    Test worker] o.s.c.g.r.RouteDefinitionRouteLocator    : Loaded RoutePredicateFactory [Cookie]
2025-04-01T22:58:41.892-06:00  INFO 26380 --- [gateway] [    Test worker] o.s.c.g.r.RouteDefinitionRouteLocator    : Loaded RoutePredicateFactory [Header]
2025-04-01T22:58:41.892-06:00  INFO 26380 --- [gateway] [    Test worker] o.s.c.g.r.RouteDefinitionRouteLocator    : Loaded RoutePredicateFactory [Host]
2025-04-01T22:58:41.892-06:00  INFO 26380 --- [gateway] [    Test worker] o.s.c.g.r.RouteDefinitionRouteLocator    : Loaded RoutePredicateFactory [Method]
2025-04-01T22:58:41.892-06:00  INFO 26380 --- [gateway] [    Test worker] o.s.c.g.r.RouteDefinitionRouteLocator    : Loaded RoutePredicateFactory [Path]
2025-04-01T22:58:41.893-06:00  INFO 26380 --- [gateway] [    Test worker] o.s.c.g.r.RouteDefinitionRouteLocator    : Loaded RoutePredicateFactory [Query]
2025-04-01T22:58:41.893-06:00  INFO 26380 --- [gateway] [    Test worker] o.s.c.g.r.RouteDefinitionRouteLocator    : Loaded RoutePredicateFactory [ReadBody]
2025-04-01T22:58:41.893-06:00  INFO 26380 --- [gateway] [    Test worker] o.s.c.g.r.RouteDefinitionRouteLocator    : Loaded RoutePredicateFactory [RemoteAddr]
2025-04-01T22:58:41.893-06:00  INFO 26380 --- [gateway] [    Test worker] o.s.c.g.r.RouteDefinitionRouteLocator    : Loaded RoutePredicateFactory [XForwardedRemoteAddr]
2025-04-01T22:58:41.893-06:00  INFO 26380 --- [gateway] [    Test worker] o.s.c.g.r.RouteDefinitionRouteLocator    : Loaded RoutePredicateFactory [Weight]
2025-04-01T22:58:41.893-06:00  INFO 26380 --- [gateway] [    Test worker] o.s.c.g.r.RouteDefinitionRouteLocator    : Loaded RoutePredicateFactory [CloudFoundryRouteService]
2025-04-01T22:58:43.008-06:00  INFO 26380 --- [gateway] [    Test worker] o.s.cloud.commons.util.InetUtils         : Cannot determine local hostname
2025-04-01T22:58:43.039-06:00  INFO 26380 --- [gateway] [    Test worker] o.s.b.a.e.web.EndpointLinksResolver      : Exposing 3 endpoints beneath base path '/actuator'
2025-04-01T22:58:43.223-06:00 DEBUG 26380 --- [gateway] [    Test worker] o.s.c.g.r.RouteDefinitionRouteLocator    : RouteDefinition peliculas-service applying {_genkey_0=/peliculas/**} to Path
2025-04-01T22:58:43.235-06:00 DEBUG 26380 --- [gateway] [    Test worker] o.s.c.g.r.RouteDefinitionRouteLocator    : RouteDefinition matched: peliculas-service
2025-04-01T22:58:43.240-06:00 DEBUG 26380 --- [gateway] [    Test worker] o.s.c.g.filter.GatewayMetricsFilter      : New routes count: 1
2025-04-01T22:58:43.241-06:00  INFO 26380 --- [gateway] [    Test worker] c.g.gateway.GatewayApplicationTests      : Started GatewayApplicationTests in 4.85 seconds (process running for 5.7)
]]></system-out>
  <system-err><![CDATA[Mockito is currently self-attaching to enable the inline-mock-maker. This will no longer work in future releases of the JDK. Please add Mockito as an agent to your build what is described in Mockito's documentation: https://javadoc.io/doc/org.mockito/mockito-core/latest/org/mockito/Mockito.html#0.3
WARNING: A Java agent has been loaded dynamically (C:\Users\Noam\.gradle\caches\modules-2\files-2.1\net.bytebuddy\byte-buddy-agent\1.15.11\a38b16385e867f59a641330f0362ebe742788ed8\byte-buddy-agent-1.15.11.jar)
WARNING: If a serviceability tool is in use, please run with -XX:+EnableDynamicAgentLoading to hide this warning
WARNING: If a serviceability tool is not in use, please run with -Djdk.instrument.traceUsage for more information
WARNING: Dynamic loading of agents will be disallowed by default in a future release
]]></system-err>
</testsuite>
